Using pre-set license
Built from '2021.3/staging' branch; Version is '2021.3.33f1 (ee5a2aa03ab2) revision 15620650'; Using compiler version '192829333'; Build Type 'Release'
OS: 'Windows 11  (10.0.26100) 64bit Core' Language: 'en' Physical Memory: 65388 MB
BatchMode: 1, IsHumanControllingUs: 0, StartBugReporterOnCrash: 0, Is64bit: 1, IsPro: 1

COMMAND LINE ARGUMENTS:
C:\Program Files\Unity\Hub\Editor\2021.3.33f1\Editor\Unity.exe
-adb2
-batchMode
-noUpm
-name
AssetImportWorker0
-projectPath
C:/Users/godof/Desktop/VSCodeProjects/Unity/Abyss
-logFile
Logs/AssetImportWorker0.log
-srvPort
51367
Successfully changed project path to: C:/Users/godof/Desktop/VSCodeProjects/Unity/Abyss
C:/Users/godof/Desktop/VSCodeProjects/Unity/Abyss
[UnityMemory] Configuration Parameters - Can be set up in boot.config
    "memorysetup-bucket-allocator-granularity=16"
    "memorysetup-bucket-allocator-bucket-count=8"
    "memorysetup-bucket-allocator-block-size=33554432"
    "memorysetup-bucket-allocator-block-count=8"
    "memorysetup-main-allocator-block-size=16777216"
    "memorysetup-thread-allocator-block-size=16777216"
    "memorysetup-gfx-main-allocator-block-size=16777216"
    "memorysetup-gfx-thread-allocator-block-size=16777216"
    "memorysetup-cache-allocator-block-size=4194304"
    "memorysetup-typetree-allocator-block-size=2097152"
    "memorysetup-profiler-bucket-allocator-granularity=16"
    "memorysetup-profiler-bucket-allocator-bucket-count=8"
    "memorysetup-profiler-bucket-allocator-block-size=33554432"
    "memorysetup-profiler-bucket-allocator-block-count=8"
    "memorysetup-profiler-allocator-block-size=16777216"
    "memorysetup-profiler-editor-allocator-block-size=1048576"
    "memorysetup-temp-allocator-size-main=16777216"
    "memorysetup-job-temp-allocator-block-size=2097152"
    "memorysetup-job-temp-allocator-block-size-background=1048576"
    "memorysetup-job-temp-allocator-reduction-small-platforms=262144"
    "memorysetup-temp-allocator-size-background-worker=32768"
    "memorysetup-temp-allocator-size-job-worker=262144"
    "memorysetup-temp-allocator-size-preload-manager=33554432"
    "memorysetup-temp-allocator-size-nav-mesh-worker=65536"
    "memorysetup-temp-allocator-size-audio-worker=65536"
    "memorysetup-temp-allocator-size-cloud-worker=32768"
    "memorysetup-temp-allocator-size-gi-baking-worker=262144"
    "memorysetup-temp-allocator-size-gfx=262144"
Player connection [9712] Host "[IP] 192.168.56.1 [Port] 0 [Flags] 2 [Guid] 1496787867 [EditorId] 1496787867 [Version] 1048832 [Id] WindowsEditor(7,Dart_Gaming_Com) [Debug] 1 [PackageName] WindowsEditor [ProjectName] Editor" joined multi-casting on [225.0.0.222:54997]...

Player connection [9712] Host "[IP] 192.168.56.1 [Port] 0 [Flags] 2 [Guid] 1496787867 [EditorId] 1496787867 [Version] 1048832 [Id] WindowsEditor(7,Dart_Gaming_Com) [Debug] 1 [PackageName] WindowsEditor [ProjectName] Editor" joined alternative multi-casting on [225.0.0.222:34997]...

[Physics::Module] Initialized MultithreadedJobDispatcher with {0} workers.
Refreshing native plugins compatible for Editor in 138.04 ms, found 4 plugins.
Preloading 0 native plugins for Editor in 0.00 ms.
Initialize engine version: 2021.3.33f1 (ee5a2aa03ab2)
[Subsystems] Discovering subsystems at path C:/Program Files/Unity/Hub/Editor/2021.3.33f1/Editor/Data/Resources/UnitySubsystems
[Subsystems] Discovering subsystems at path C:/Users/godof/Desktop/VSCodeProjects/Unity/Abyss/Assets
GfxDevice: creating device client; threaded=0; jobified=0
Direct3D:
    Version:  Direct3D 11.0 [level 11.1]
    Renderer: NVIDIA GeForce RTX 3050 Ti Laptop GPU (ID=0x25e0)
    Vendor:   NVIDIA
    VRAM:     3977 MB
    Driver:   31.0.15.4630
Initialize mono
Mono path[0] = 'C:/Program Files/Unity/Hub/Editor/2021.3.33f1/Editor/Data/Managed'
Mono path[1] = 'C:/Program Files/Unity/Hub/Editor/2021.3.33f1/Editor/Data/MonoBleedingEdge/lib/mono/unityjit-win32'
Mono config path = 'C:/Program Files/Unity/Hub/Editor/2021.3.33f1/Editor/Data/MonoBleedingEdge/etc'
Using monoOptions --debugger-agent=transport=dt_socket,embedding=1,server=y,suspend=n,address=127.0.0.1:56308
Begin MonoManager ReloadAssembly
Registering precompiled unity dll's ...
Register platform support module: C:/Program Files/Unity/Hub/Editor/2021.3.33f1/Editor/Data/PlaybackEngines/WindowsStandaloneSupport/UnityEditor.WindowsStandalone.Extensions.dll
Registered in 0.005604 seconds.
Native extension for WindowsStandalone target not found
Refreshing native plugins compatible for Editor in 122.99 ms, found 4 plugins.
Preloading 0 native plugins for Editor in 0.00 ms.
Mono: successfully reloaded assembly
- Completed reload, in  0.664 seconds
Domain Reload Profiling:
	ReloadAssembly (665ms)
		BeginReloadAssembly (94ms)
			ExecutionOrderSort (0ms)
			DisableScriptedObjects (0ms)
			BackupInstance (0ms)
			ReleaseScriptingObjects (0ms)
			CreateAndSetChildDomain (1ms)
		EndReloadAssembly (480ms)
			LoadAssemblies (91ms)
			RebuildTransferFunctionScriptingTraits (0ms)
			SetupTypeCache (92ms)
			ReleaseScriptCaches (0ms)
			RebuildScriptCaches (27ms)
			SetupLoadedEditorAssemblies (322ms)
				LogAssemblyErrors (0ms)
				InitializePlatformSupportModulesInManaged (7ms)
				SetLoadedEditorAssemblies (0ms)
				RefreshPlugins (123ms)
				BeforeProcessingInitializeOnLoad (1ms)
				ProcessInitializeOnLoadAttributes (143ms)
				ProcessInitializeOnLoadMethodAttributes (47ms)
				AfterProcessingInitializeOnLoad (0ms)
				EditorAssembliesLoaded (0ms)
			ExecutionOrderSort2 (0ms)
			AwakeInstancesAfterBackupRestoration (0ms)
Platform modules already initialized, skipping
Registering precompiled user dll's ...
Registered in 0.008338 seconds.
Begin MonoManager ReloadAssembly
Native extension for WindowsStandalone target not found
Refreshing native plugins compatible for Editor in 132.89 ms, found 4 plugins.
Preloading 0 native plugins for Editor in 0.00 ms.
Package Manager log level set to [2]
[Package Manager] Server::EnsureServerProcessIsRunning -- launch failed, reason: Unity was launched with the -noUpm command-line argument
[Package Manager] Cannot connect to Unity Package Manager local server
Mono: successfully reloaded assembly
- Completed reload, in  1.885 seconds
Domain Reload Profiling:
	ReloadAssembly (1885ms)
		BeginReloadAssembly (129ms)
			ExecutionOrderSort (0ms)
			DisableScriptedObjects (6ms)
			BackupInstance (0ms)
			ReleaseScriptingObjects (0ms)
			CreateAndSetChildDomain (19ms)
		EndReloadAssembly (1648ms)
			LoadAssemblies (114ms)
			RebuildTransferFunctionScriptingTraits (0ms)
			SetupTypeCache (264ms)
			ReleaseScriptCaches (1ms)
			RebuildScriptCaches (72ms)
			SetupLoadedEditorAssemblies (1172ms)
				LogAssemblyErrors (0ms)
				InitializePlatformSupportModulesInManaged (4ms)
				SetLoadedEditorAssemblies (0ms)
				RefreshPlugins (133ms)
				BeforeProcessingInitializeOnLoad (127ms)
				ProcessInitializeOnLoadAttributes (812ms)
				ProcessInitializeOnLoadMethodAttributes (81ms)
				AfterProcessingInitializeOnLoad (14ms)
				EditorAssembliesLoaded (0ms)
			ExecutionOrderSort2 (0ms)
			AwakeInstancesAfterBackupRestoration (8ms)
Platform modules already initialized, skipping
========================================================================
Worker process is ready to serve import requests
Launched and connected shader compiler UnityShaderCompiler.exe after 0.05 seconds
Refreshing native plugins compatible for Editor in 1.08 ms, found 4 plugins.
Preloading 0 native plugins for Editor in 0.00 ms.
Unloading 5696 Unused Serialized files (Serialized files now loaded: 0)
Unloading 44 unused Assets / (0.7 MB). Loaded Objects now: 6150.
Memory consumption went from 227.1 MB to 226.4 MB.
Total: 4.347700 ms (FindLiveObjects: 0.410900 ms CreateObjectMapping: 0.393400 ms MarkObjects: 3.236000 ms  DeleteObjects: 0.306300 ms)

AssetImportParameters requested are different than current active one (requested -> active):
  custom:video-decoder-ogg-theora: a1e56fd34408186e4bbccfd4996cb3dc -> 
  custom:container-muxer-webm: aa71ff27fc2769a1b78a27578f13a17b -> 
  custom:container-demuxer-webm: 4f35f7cbe854078d1ac9338744f61a02 -> 
  custom:video-encoder-webm-vp8: eb34c28f22e8b96e1ab97ce403110664 -> 
  custom:video-codec-MediaFoundation-h265: 746d11721c4dcdbdad8f713fa42b33f4 -> 
  custom:CustomObjectIndexerAttribute: 6b0e35c9178b02a6363f3721b7b8e397 -> 
  custom:audio-encoder-webm-vorbis: bf7c407c2cedff20999df2af8eb42d56 -> 
  custom:framework-win-MediaFoundation: 216162199b28c13a410421893ffa2e32 -> 
  custom:SearchIndexIgnoredProperties: e643bd26f0fe6173181afceb89e7c659 -> 
  custom:container-demuxer-ogg: 62fdf1f143b41e24485cea50d1cbac27 -> 
  custom:video-decoder-webm-vp8: 9c59270c3fd7afecdb556c50c9e8de78 -> 
  custom:audio-decoder-ogg-vorbis: bf7c407c2cedff20999df2af8eb42d56 -> 
========================================================================
Received Import Request.
  Time since last request: 11675.866785 seconds.
  path: Assets/427705__carloscarty__jazz-loop-01-50-bpm.wav
  artifactKey: Guid(39b017c00ae1434468eab54284b4de8c) Importer(815301076,1909f56bfc062723c751e8b465ee728b)
Number of updated assets reloaded before import = 0
Start importing Assets/427705__carloscarty__jazz-loop-01-50-bpm.wav using Guid(39b017c00ae1434468eab54284b4de8c) Importer(815301076,1909f56bfc062723c751e8b465ee728b)  -> (artifact id: 'bde0add3ea9f40157d5a0d513d9aae3b') in 0.175897 seconds 
Number of asset objects unloaded after import = 2
========================================================================
Received Prepare
Registering precompiled user dll's ...
Registered in 0.007512 seconds.
Begin MonoManager ReloadAssembly
Native extension for WindowsStandalone target not found
Refreshing native plugins compatible for Editor in 1.73 ms, found 4 plugins.
Preloading 0 native plugins for Editor in 0.00 ms.
[Package Manager] Server::EnsureServerProcessIsRunning -- launch failed, reason: Unity was launched with the -noUpm command-line argument
[Package Manager] Cannot connect to Unity Package Manager local server
Mono: successfully reloaded assembly
- Completed reload, in  1.609 seconds
Domain Reload Profiling:
	ReloadAssembly (1609ms)
		BeginReloadAssembly (145ms)
			ExecutionOrderSort (0ms)
			DisableScriptedObjects (6ms)
			BackupInstance (0ms)
			ReleaseScriptingObjects (0ms)
			CreateAndSetChildDomain (38ms)
		EndReloadAssembly (1368ms)
			LoadAssemblies (106ms)
			RebuildTransferFunctionScriptingTraits (0ms)
			SetupTypeCache (242ms)
			ReleaseScriptCaches (2ms)
			RebuildScriptCaches (44ms)
			SetupLoadedEditorAssemblies (947ms)
				LogAssemblyErrors (0ms)
				InitializePlatformSupportModulesInManaged (6ms)
				SetLoadedEditorAssemblies (1ms)
				RefreshPlugins (2ms)
				BeforeProcessingInitializeOnLoad (94ms)
				ProcessInitializeOnLoadAttributes (758ms)
				ProcessInitializeOnLoadMethodAttributes (76ms)
				AfterProcessingInitializeOnLoad (10ms)
				EditorAssembliesLoaded (0ms)
			ExecutionOrderSort2 (0ms)
			AwakeInstancesAfterBackupRestoration (7ms)
Platform modules already initialized, skipping
Refreshing native plugins compatible for Editor in 1.81 ms, found 4 plugins.
Preloading 0 native plugins for Editor in 0.00 ms.
Unloading 5551 Unused Serialized files (Serialized files now loaded: 0)
Unloading 31 unused Assets / (0.7 MB). Loaded Objects now: 6163.
Memory consumption went from 220.6 MB to 219.9 MB.
Total: 3.848800 ms (FindLiveObjects: 0.377200 ms CreateObjectMapping: 0.143100 ms MarkObjects: 3.040000 ms  DeleteObjects: 0.287500 ms)

AssetImportParameters requested are different than current active one (requested -> active):
  custom:video-decoder-ogg-theora: a1e56fd34408186e4bbccfd4996cb3dc -> 
  custom:container-muxer-webm: aa71ff27fc2769a1b78a27578f13a17b -> 
  custom:container-demuxer-webm: 4f35f7cbe854078d1ac9338744f61a02 -> 
  custom:video-encoder-webm-vp8: eb34c28f22e8b96e1ab97ce403110664 -> 
  custom:video-codec-MediaFoundation-h265: 746d11721c4dcdbdad8f713fa42b33f4 -> 
  custom:CustomObjectIndexerAttribute: 6b0e35c9178b02a6363f3721b7b8e397 -> 
  custom:audio-encoder-webm-vorbis: bf7c407c2cedff20999df2af8eb42d56 -> 
  custom:framework-win-MediaFoundation: 216162199b28c13a410421893ffa2e32 -> 
  custom:SearchIndexIgnoredProperties: e643bd26f0fe6173181afceb89e7c659 -> 
  custom:container-demuxer-ogg: 62fdf1f143b41e24485cea50d1cbac27 -> 
  custom:video-decoder-webm-vp8: 9c59270c3fd7afecdb556c50c9e8de78 -> 
  custom:audio-decoder-ogg-vorbis: bf7c407c2cedff20999df2af8eb42d56 -> 
========================================================================
Received Prepare
Registering precompiled user dll's ...
Registered in 0.008754 seconds.
Begin MonoManager ReloadAssembly
Native extension for WindowsStandalone target not found
Refreshing native plugins compatible for Editor in 1.27 ms, found 4 plugins.
Preloading 0 native plugins for Editor in 0.00 ms.
[Package Manager] Server::EnsureServerProcessIsRunning -- launch failed, reason: Unity was launched with the -noUpm command-line argument
[Package Manager] Cannot connect to Unity Package Manager local server
Mono: successfully reloaded assembly
- Completed reload, in  1.720 seconds
Domain Reload Profiling:
	ReloadAssembly (1721ms)
		BeginReloadAssembly (146ms)
			ExecutionOrderSort (0ms)
			DisableScriptedObjects (6ms)
			BackupInstance (0ms)
			ReleaseScriptingObjects (0ms)
			CreateAndSetChildDomain (37ms)
		EndReloadAssembly (1482ms)
			LoadAssemblies (108ms)
			RebuildTransferFunctionScriptingTraits (0ms)
			SetupTypeCache (256ms)
			ReleaseScriptCaches (2ms)
			RebuildScriptCaches (55ms)
			SetupLoadedEditorAssemblies (1024ms)
				LogAssemblyErrors (0ms)
				InitializePlatformSupportModulesInManaged (6ms)
				SetLoadedEditorAssemblies (1ms)
				RefreshPlugins (1ms)
				BeforeProcessingInitializeOnLoad (105ms)
				ProcessInitializeOnLoadAttributes (818ms)
				ProcessInitializeOnLoadMethodAttributes (83ms)
				AfterProcessingInitializeOnLoad (10ms)
				EditorAssembliesLoaded (0ms)
			ExecutionOrderSort2 (0ms)
			AwakeInstancesAfterBackupRestoration (8ms)
Platform modules already initialized, skipping
Refreshing native plugins compatible for Editor in 1.54 ms, found 4 plugins.
Preloading 0 native plugins for Editor in 0.00 ms.
Unloading 5551 Unused Serialized files (Serialized files now loaded: 0)
Unloading 31 unused Assets / (0.7 MB). Loaded Objects now: 6166.
Memory consumption went from 220.8 MB to 220.1 MB.
Total: 4.508700 ms (FindLiveObjects: 0.406900 ms CreateObjectMapping: 0.221900 ms MarkObjects: 3.439300 ms  DeleteObjects: 0.439600 ms)

AssetImportParameters requested are different than current active one (requested -> active):
  custom:video-decoder-ogg-theora: a1e56fd34408186e4bbccfd4996cb3dc -> 
  custom:container-muxer-webm: aa71ff27fc2769a1b78a27578f13a17b -> 
  custom:container-demuxer-webm: 4f35f7cbe854078d1ac9338744f61a02 -> 
  custom:video-encoder-webm-vp8: eb34c28f22e8b96e1ab97ce403110664 -> 
  custom:video-codec-MediaFoundation-h265: 746d11721c4dcdbdad8f713fa42b33f4 -> 
  custom:CustomObjectIndexerAttribute: 6b0e35c9178b02a6363f3721b7b8e397 -> 
  custom:audio-encoder-webm-vorbis: bf7c407c2cedff20999df2af8eb42d56 -> 
  custom:framework-win-MediaFoundation: 216162199b28c13a410421893ffa2e32 -> 
  custom:SearchIndexIgnoredProperties: e643bd26f0fe6173181afceb89e7c659 -> 
  custom:container-demuxer-ogg: 62fdf1f143b41e24485cea50d1cbac27 -> 
  custom:video-decoder-webm-vp8: 9c59270c3fd7afecdb556c50c9e8de78 -> 
  custom:audio-decoder-ogg-vorbis: bf7c407c2cedff20999df2af8eb42d56 -> 
========================================================================
Received Import Request.
  Time since last request: 259.600517 seconds.
  path: Assets/2D Pixel Art Platformer Biome - Plains/Sprites.png
  artifactKey: Guid(29e21165cb3ae334d969d4be634eaa9e) Importer(815301076,1909f56bfc062723c751e8b465ee728b)
Number of updated assets reloaded before import = 0
Start importing Assets/2D Pixel Art Platformer Biome - Plains/Sprites.png using Guid(29e21165cb3ae334d969d4be634eaa9e) Importer(815301076,1909f56bfc062723c751e8b465ee728b)  -> (artifact id: '8241f17efb87995d1213f23237828aa3') in 0.219450 seconds 
Number of asset objects unloaded after import = 90
========================================================================
Received Import Request.
  Time since last request: 35.152382 seconds.
  path: Assets/2D Pixel Art Platformer Biome - Plains/Sprites.png
  artifactKey: Guid(29e21165cb3ae334d969d4be634eaa9e) Importer(815301076,1909f56bfc062723c751e8b465ee728b)
Number of updated assets reloaded before import = 0
Start importing Assets/2D Pixel Art Platformer Biome - Plains/Sprites.png using Guid(29e21165cb3ae334d969d4be634eaa9e) Importer(815301076,1909f56bfc062723c751e8b465ee728b)  -> (artifact id: 'b46811f5b335d100f3d63c298c77c066') in 0.151380 seconds 
Number of asset objects unloaded after import = 90
========================================================================
Received Import Request.
  Time since last request: 51.327683 seconds.
  path: Assets/2D Pixel Art Platformer Biome - Plains/Sprites.png
  artifactKey: Guid(29e21165cb3ae334d969d4be634eaa9e) Importer(815301076,1909f56bfc062723c751e8b465ee728b)
Number of updated assets reloaded before import = 0
Start importing Assets/2D Pixel Art Platformer Biome - Plains/Sprites.png using Guid(29e21165cb3ae334d969d4be634eaa9e) Importer(815301076,1909f56bfc062723c751e8b465ee728b)  -> (artifact id: '13710b9382862e58c7439513198d713f') in 0.142084 seconds 
Number of asset objects unloaded after import = 90
========================================================================
Received Import Request.
  Time since last request: 11.415697 seconds.
  path: Assets/2D Pixel Art Platformer Biome - Plains/Sprites.png
  artifactKey: Guid(29e21165cb3ae334d969d4be634eaa9e) Importer(815301076,1909f56bfc062723c751e8b465ee728b)
Number of updated assets reloaded before import = 0
Start importing Assets/2D Pixel Art Platformer Biome - Plains/Sprites.png using Guid(29e21165cb3ae334d969d4be634eaa9e) Importer(815301076,1909f56bfc062723c751e8b465ee728b)  -> (artifact id: '05d429d03eed3d1021c875b8901f5711') in 0.141670 seconds 
Number of asset objects unloaded after import = 90
========================================================================
Received Import Request.
  Time since last request: 26.690884 seconds.
  path: Assets/2D Pixel Art Platformer Biome - Plains/Background1.asset
  artifactKey: Guid(872421c6c108854478d024cf859f0937) Importer(815301076,1909f56bfc062723c751e8b465ee728b)
Number of updated assets reloaded before import = 0
Start importing Assets/2D Pixel Art Platformer Biome - Plains/Background1.asset using Guid(872421c6c108854478d024cf859f0937) Importer(815301076,1909f56bfc062723c751e8b465ee728b)  -> (artifact id: '405ce99b1653a6571f47be420c63da1c') in 0.036718 seconds 
Number of asset objects unloaded after import = 3
========================================================================
Received Import Request.
  Time since last request: 0.000031 seconds.
  path: Assets/2D Pixel Art Platformer Biome - Plains/Box2.asset
  artifactKey: Guid(cf9cd17625848b54aa5e8d9b7733a8fb) Importer(815301076,1909f56bfc062723c751e8b465ee728b)
Number of updated assets reloaded before import = 0
Start importing Assets/2D Pixel Art Platformer Biome - Plains/Box2.asset using Guid(cf9cd17625848b54aa5e8d9b7733a8fb) Importer(815301076,1909f56bfc062723c751e8b465ee728b)  -> (artifact id: 'fd0a57155c0e079c437eef48bfb93f0f') in 0.029618 seconds 
Number of asset objects unloaded after import = 3
========================================================================
Received Import Request.
  Time since last request: 0.000032 seconds.
  path: Assets/2D Pixel Art Platformer Biome - Plains/Bucket.asset
  artifactKey: Guid(66622ece29c2bf44cb0843a0facd7c7e) Importer(815301076,1909f56bfc062723c751e8b465ee728b)
Number of updated assets reloaded before import = 0
Start importing Assets/2D Pixel Art Platformer Biome - Plains/Bucket.asset using Guid(66622ece29c2bf44cb0843a0facd7c7e) Importer(815301076,1909f56bfc062723c751e8b465ee728b)  -> (artifact id: '6e3835896e18949f995c8b400e5cbb70') in 0.023996 seconds 
Number of asset objects unloaded after import = 3
========================================================================
Received Import Request.
  Time since last request: 0.000046 seconds.
  path: Assets/2D Pixel Art Platformer Biome - Plains/Scarecrow.asset
  artifactKey: Guid(8290f549cb519f249a192460cff75939) Importer(815301076,1909f56bfc062723c751e8b465ee728b)
Number of updated assets reloaded before import = 0
Start importing Assets/2D Pixel Art Platformer Biome - Plains/Scarecrow.asset using Guid(8290f549cb519f249a192460cff75939) Importer(815301076,1909f56bfc062723c751e8b465ee728b)  -> (artifact id: '22f91036acbb27579fdf4401f79ebc41') in 0.026280 seconds 
Number of asset objects unloaded after import = 3
========================================================================
Received Import Request.
  Time since last request: 0.000034 seconds.
  path: Assets/2D Pixel Art Platformer Biome - Plains/Background4.asset
  artifactKey: Guid(0a8c39d6ca915f64ebe291ceffd44039) Importer(815301076,1909f56bfc062723c751e8b465ee728b)
Number of updated assets reloaded before import = 0
Start importing Assets/2D Pixel Art Platformer Biome - Plains/Background4.asset using Guid(0a8c39d6ca915f64ebe291ceffd44039) Importer(815301076,1909f56bfc062723c751e8b465ee728b)  -> (artifact id: '5e81c65e12b9d20704729fe1e5c755bb') in 0.020479 seconds 
Number of asset objects unloaded after import = 3
========================================================================
Received Import Request.
  Time since last request: 0.000033 seconds.
  path: Assets/2D Pixel Art Platformer Biome - Plains/Box1.asset
  artifactKey: Guid(ef238b97e731baa409c553b6cdc8b295) Importer(815301076,1909f56bfc062723c751e8b465ee728b)
Number of updated assets reloaded before import = 0
Start importing Assets/2D Pixel Art Platformer Biome - Plains/Box1.asset using Guid(ef238b97e731baa409c553b6cdc8b295) Importer(815301076,1909f56bfc062723c751e8b465ee728b)  -> (artifact id: 'd5b5236751e6229a239e2eb53182ed07') in 0.017605 seconds 
Number of asset objects unloaded after import = 3
========================================================================
Received Import Request.
  Time since last request: 0.000027 seconds.
  path: Assets/2D Pixel Art Platformer Biome - Plains/Barrel.asset
  artifactKey: Guid(e7233d2c099ea774c9a9dc8dc73047b4) Importer(815301076,1909f56bfc062723c751e8b465ee728b)
Number of updated assets reloaded before import = 0
Start importing Assets/2D Pixel Art Platformer Biome - Plains/Barrel.asset using Guid(e7233d2c099ea774c9a9dc8dc73047b4) Importer(815301076,1909f56bfc062723c751e8b465ee728b)  -> (artifact id: 'e4677c0315fea5af95eacf36cf181c0d') in 0.018064 seconds 
Number of asset objects unloaded after import = 3
========================================================================
Received Import Request.
  Time since last request: 5.853183 seconds.
  path: Assets/2D Pixel Art Platformer Biome - Plains/Sprites_0.asset
  artifactKey: Guid(622e77be2144d494bb10e67ff3a386fe) Importer(815301076,1909f56bfc062723c751e8b465ee728b)
Number of updated assets reloaded before import = 0
Start importing Assets/2D Pixel Art Platformer Biome - Plains/Sprites_0.asset using Guid(622e77be2144d494bb10e67ff3a386fe) Importer(815301076,1909f56bfc062723c751e8b465ee728b)  -> (artifact id: '794f4de119bb34fcd12123b48d28daaa') in 0.018585 seconds 
Number of asset objects unloaded after import = 3
========================================================================
Received Import Request.
  Time since last request: 0.000025 seconds.
  path: Assets/2D Pixel Art Platformer Biome - Plains/TileBackGround5.asset
  artifactKey: Guid(697a6c356b413ce44a5cd4a073811e85) Importer(815301076,1909f56bfc062723c751e8b465ee728b)
Number of updated assets reloaded before import = 0
Start importing Assets/2D Pixel Art Platformer Biome - Plains/TileBackGround5.asset using Guid(697a6c356b413ce44a5cd4a073811e85) Importer(815301076,1909f56bfc062723c751e8b465ee728b)  -> (artifact id: '2958d3f8570bf4a4450223b555ca34f8') in 0.015184 seconds 
Number of asset objects unloaded after import = 3
========================================================================
Received Import Request.
  Time since last request: 0.000033 seconds.
  path: Assets/2D Pixel Art Platformer Biome - Plains/TileBackGround11.asset
  artifactKey: Guid(917cf9a464c669b4398632df694c82af) Importer(815301076,1909f56bfc062723c751e8b465ee728b)
Number of updated assets reloaded before import = 0
Start importing Assets/2D Pixel Art Platformer Biome - Plains/TileBackGround11.asset using Guid(917cf9a464c669b4398632df694c82af) Importer(815301076,1909f56bfc062723c751e8b465ee728b)  -> (artifact id: 'a52a1303c614510d9456e7a1761a266b') in 0.015785 seconds 
Number of asset objects unloaded after import = 3
========================================================================
Received Import Request.
  Time since last request: 0.000024 seconds.
  path: Assets/2D Pixel Art Platformer Biome - Plains/TileBackGround4.asset
  artifactKey: Guid(c9f510e8a5354904d99c6fc275a7585e) Importer(815301076,1909f56bfc062723c751e8b465ee728b)
Number of updated assets reloaded before import = 0
Start importing Assets/2D Pixel Art Platformer Biome - Plains/TileBackGround4.asset using Guid(c9f510e8a5354904d99c6fc275a7585e) Importer(815301076,1909f56bfc062723c751e8b465ee728b)  -> (artifact id: 'd37c67a5266659251745576c56985b60') in 0.015580 seconds 
Number of asset objects unloaded after import = 3
========================================================================
Received Import Request.
  Time since last request: 0.000024 seconds.
  path: Assets/2D Pixel Art Platformer Biome - Plains/TileBackGround7.asset
  artifactKey: Guid(1ca3cffd8cfe2c74893c4be2c6e88d36) Importer(815301076,1909f56bfc062723c751e8b465ee728b)
Number of updated assets reloaded before import = 0
Start importing Assets/2D Pixel Art Platformer Biome - Plains/TileBackGround7.asset using Guid(1ca3cffd8cfe2c74893c4be2c6e88d36) Importer(815301076,1909f56bfc062723c751e8b465ee728b)  -> (artifact id: 'fa097749faf56da1ae4241e62b7880a7') in 0.015758 seconds 
Number of asset objects unloaded after import = 3
========================================================================
Received Import Request.
  Time since last request: 0.000028 seconds.
  path: Assets/2D Pixel Art Platformer Biome - Plains/TileBackGround8.asset
  artifactKey: Guid(c13933d38e7bab84abbfb1c1b6a45720) Importer(815301076,1909f56bfc062723c751e8b465ee728b)
Number of updated assets reloaded before import = 0
Start importing Assets/2D Pixel Art Platformer Biome - Plains/TileBackGround8.asset using Guid(c13933d38e7bab84abbfb1c1b6a45720) Importer(815301076,1909f56bfc062723c751e8b465ee728b)  -> (artifact id: '3f6c9c0456dc74e3b2faca4e9e7f89c8') in 0.014713 seconds 
Number of asset objects unloaded after import = 3
========================================================================
Received Import Request.
  Time since last request: 0.000018 seconds.
  path: Assets/2D Pixel Art Platformer Biome - Plains/Stone2.asset
  artifactKey: Guid(d9b076e2acd7cff42b198dcd29deab53) Importer(815301076,1909f56bfc062723c751e8b465ee728b)
Number of updated assets reloaded before import = 0
Start importing Assets/2D Pixel Art Platformer Biome - Plains/Stone2.asset using Guid(d9b076e2acd7cff42b198dcd29deab53) Importer(815301076,1909f56bfc062723c751e8b465ee728b)  -> (artifact id: '481a4ee2bbb39216ef5266d3c945d80a') in 0.013735 seconds 
Number of asset objects unloaded after import = 3
========================================================================
Received Import Request.
  Time since last request: 0.000022 seconds.
  path: Assets/2D Pixel Art Platformer Biome - Plains/TileBackGround1.asset
  artifactKey: Guid(2b9003a0417a3af4c90562112249d634) Importer(815301076,1909f56bfc062723c751e8b465ee728b)
Number of updated assets reloaded before import = 0
Start importing Assets/2D Pixel Art Platformer Biome - Plains/TileBackGround1.asset using Guid(2b9003a0417a3af4c90562112249d634) Importer(815301076,1909f56bfc062723c751e8b465ee728b)  -> (artifact id: '2c5dd8c83f3fa6722a962ecc724e10ea') in 0.014604 seconds 
Number of asset objects unloaded after import = 3
========================================================================
Received Import Request.
  Time since last request: 0.338485 seconds.
  path: Assets/2D Pixel Art Platformer Biome - Plains/TileFence2.asset
  artifactKey: Guid(8c7b70375e0c95a41a29919c94584d24) Importer(815301076,1909f56bfc062723c751e8b465ee728b)
Number of updated assets reloaded before import = 0
Start importing Assets/2D Pixel Art Platformer Biome - Plains/TileFence2.asset using Guid(8c7b70375e0c95a41a29919c94584d24) Importer(815301076,1909f56bfc062723c751e8b465ee728b)  -> (artifact id: '32263b587dcb99106bd2c9cd4c3ccb7b') in 0.015998 seconds 
Number of asset objects unloaded after import = 3
========================================================================
Received Import Request.
  Time since last request: 0.000018 seconds.
  path: Assets/2D Pixel Art Platformer Biome - Plains/TileFence6.asset
  artifactKey: Guid(af0553ca12c847a498ceff1c287afdcf) Importer(815301076,1909f56bfc062723c751e8b465ee728b)
Number of updated assets reloaded before import = 0
Start importing Assets/2D Pixel Art Platformer Biome - Plains/TileFence6.asset using Guid(af0553ca12c847a498ceff1c287afdcf) Importer(815301076,1909f56bfc062723c751e8b465ee728b)  -> (artifact id: '023590be9b8cb732cfc7cff0a64c8ff2') in 0.014660 seconds 
Number of asset objects unloaded after import = 3
========================================================================
Received Import Request.
  Time since last request: 0.000027 seconds.
  path: Assets/2D Pixel Art Platformer Biome - Plains/TileGround7.asset
  artifactKey: Guid(42c1e11a4808e474ba81196c5123e68a) Importer(815301076,1909f56bfc062723c751e8b465ee728b)
Number of updated assets reloaded before import = 0
Start importing Assets/2D Pixel Art Platformer Biome - Plains/TileGround7.asset using Guid(42c1e11a4808e474ba81196c5123e68a) Importer(815301076,1909f56bfc062723c751e8b465ee728b)  -> (artifact id: '05035031bfd13e8590326df4e7688eef') in 0.016017 seconds 
Number of asset objects unloaded after import = 3
========================================================================
Received Import Request.
  Time since last request: 0.000018 seconds.
  path: Assets/2D Pixel Art Platformer Biome - Plains/TileGround4.asset
  artifactKey: Guid(c8c3dec21cafc144bb48406bdbd36ecc) Importer(815301076,1909f56bfc062723c751e8b465ee728b)
Number of updated assets reloaded before import = 0
Start importing Assets/2D Pixel Art Platformer Biome - Plains/TileGround4.asset using Guid(c8c3dec21cafc144bb48406bdbd36ecc) Importer(815301076,1909f56bfc062723c751e8b465ee728b)  -> (artifact id: 'c96eb13da1468fa7084d4552e24b3fa6') in 0.016066 seconds 
Number of asset objects unloaded after import = 3
========================================================================
Received Import Request.
  Time since last request: 0.000016 seconds.
  path: Assets/2D Pixel Art Platformer Biome - Plains/TilePlant6.asset
  artifactKey: Guid(240d70aca0721044ea6e25f0e46fcff5) Importer(815301076,1909f56bfc062723c751e8b465ee728b)
Number of updated assets reloaded before import = 0
Start importing Assets/2D Pixel Art Platformer Biome - Plains/TilePlant6.asset using Guid(240d70aca0721044ea6e25f0e46fcff5) Importer(815301076,1909f56bfc062723c751e8b465ee728b)  -> (artifact id: '083ec94560d213b2bef95717c7b891ed') in 0.013806 seconds 
Number of asset objects unloaded after import = 3
========================================================================
Received Import Request.
  Time since last request: 0.000017 seconds.
  path: Assets/2D Pixel Art Platformer Biome - Plains/TilePlant2.asset
  artifactKey: Guid(2577cbc3c5743654b81a6d150f294f75) Importer(815301076,1909f56bfc062723c751e8b465ee728b)
Number of updated assets reloaded before import = 0
Start importing Assets/2D Pixel Art Platformer Biome - Plains/TilePlant2.asset using Guid(2577cbc3c5743654b81a6d150f294f75) Importer(815301076,1909f56bfc062723c751e8b465ee728b)  -> (artifact id: 'ce91d75da65c2a9fe585a1c7f4d8f719') in 0.016253 seconds 
Number of asset objects unloaded after import = 3
========================================================================
Received Import Request.
  Time since last request: 0.000017 seconds.
  path: Assets/2D Pixel Art Platformer Biome - Plains/TileGround9.asset
  artifactKey: Guid(833a2ddfd8d60ba4faf56ef9db23e8db) Importer(815301076,1909f56bfc062723c751e8b465ee728b)
Number of updated assets reloaded before import = 0
Start importing Assets/2D Pixel Art Platformer Biome - Plains/TileGround9.asset using Guid(833a2ddfd8d60ba4faf56ef9db23e8db) Importer(815301076,1909f56bfc062723c751e8b465ee728b)  -> (artifact id: '1c74cbc39357cf7b46bf7b17d931e0b0') in 0.015849 seconds 
Number of asset objects unloaded after import = 3
========================================================================
Received Import Request.
  Time since last request: 0.000026 seconds.
  path: Assets/2D Pixel Art Platformer Biome - Plains/TileGround1.asset
  artifactKey: Guid(30ae3517c8e5af942af894c89b84c43c) Importer(815301076,1909f56bfc062723c751e8b465ee728b)
Number of updated assets reloaded before import = 0
Start importing Assets/2D Pixel Art Platformer Biome - Plains/TileGround1.asset using Guid(30ae3517c8e5af942af894c89b84c43c) Importer(815301076,1909f56bfc062723c751e8b465ee728b)  -> (artifact id: '0cf912e4727a476f15259be029ad532f') in 0.016397 seconds 
Number of asset objects unloaded after import = 3
========================================================================
Received Import Request.
  Time since last request: 0.000021 seconds.
  path: Assets/2D Pixel Art Platformer Biome - Plains/TileFence5.asset
  artifactKey: Guid(8641998ded1def94ba9024e33a4a9526) Importer(815301076,1909f56bfc062723c751e8b465ee728b)
Number of updated assets reloaded before import = 0
Start importing Assets/2D Pixel Art Platformer Biome - Plains/TileFence5.asset using Guid(8641998ded1def94ba9024e33a4a9526) Importer(815301076,1909f56bfc062723c751e8b465ee728b)  -> (artifact id: '049b81918a928e13f7e2e9fdc14f408e') in 0.017531 seconds 
Number of asset objects unloaded after import = 3
========================================================================
Received Import Request.
  Time since last request: 0.000023 seconds.
  path: Assets/2D Pixel Art Platformer Biome - Plains/TileGround16.asset
  artifactKey: Guid(41e1d63aa40ef1f46b72875d1ff147bb) Importer(815301076,1909f56bfc062723c751e8b465ee728b)
Number of updated assets reloaded before import = 0
Start importing Assets/2D Pixel Art Platformer Biome - Plains/TileGround16.asset using Guid(41e1d63aa40ef1f46b72875d1ff147bb) Importer(815301076,1909f56bfc062723c751e8b465ee728b)  -> (artifact id: '00246883d6c1002b0f2c25b7baed976e') in 0.039183 seconds 
Number of asset objects unloaded after import = 3
========================================================================
Received Import Request.
  Time since last request: 0.000041 seconds.
  path: Assets/2D Pixel Art Platformer Biome - Plains/TilePlant4.asset
  artifactKey: Guid(f3825aceaab391c4e807ce2f9c577dd4) Importer(815301076,1909f56bfc062723c751e8b465ee728b)
Number of updated assets reloaded before import = 0
Start importing Assets/2D Pixel Art Platformer Biome - Plains/TilePlant4.asset using Guid(f3825aceaab391c4e807ce2f9c577dd4) Importer(815301076,1909f56bfc062723c751e8b465ee728b)  -> (artifact id: 'cda6a08f747748da7c303774f784bd4d') in 0.022028 seconds 
Number of asset objects unloaded after import = 3
========================================================================
Received Import Request.
  Time since last request: 0.000031 seconds.
  path: Assets/2D Pixel Art Platformer Biome - Plains/TileGround20.asset
  artifactKey: Guid(ebdfeafd98bbeec4cab7893a2c3bc917) Importer(815301076,1909f56bfc062723c751e8b465ee728b)
Number of updated assets reloaded before import = 0
Start importing Assets/2D Pixel Art Platformer Biome - Plains/TileGround20.asset using Guid(ebdfeafd98bbeec4cab7893a2c3bc917) Importer(815301076,1909f56bfc062723c751e8b465ee728b)  -> (artifact id: '32b67a3cbf676a257f4819a02b2250b1') in 0.017973 seconds 
Number of asset objects unloaded after import = 3
========================================================================
Received Import Request.
  Time since last request: 0.425260 seconds.
  path: Assets/2D Pixel Art Platformer Biome - Plains/TilePlant8.asset
  artifactKey: Guid(d37bfb3ced4684d459c5dea72b548dd7) Importer(815301076,1909f56bfc062723c751e8b465ee728b)
Number of updated assets reloaded before import = 0
Start importing Assets/2D Pixel Art Platformer Biome - Plains/TilePlant8.asset using Guid(d37bfb3ced4684d459c5dea72b548dd7) Importer(815301076,1909f56bfc062723c751e8b465ee728b)  -> (artifact id: '42d4273c5da0d52bb20b76085be1a0c2') in 0.015556 seconds 
Number of asset objects unloaded after import = 3
========================================================================
Received Import Request.
  Time since last request: 0.000020 seconds.
  path: Assets/2D Pixel Art Platformer Biome - Plains/TilePlant18.asset
  artifactKey: Guid(54b9c2b61ddae1a4d9d32949bfc08ca6) Importer(815301076,1909f56bfc062723c751e8b465ee728b)
Number of updated assets reloaded before import = 0
Start importing Assets/2D Pixel Art Platformer Biome - Plains/TilePlant18.asset using Guid(54b9c2b61ddae1a4d9d32949bfc08ca6) Importer(815301076,1909f56bfc062723c751e8b465ee728b)  -> (artifact id: 'ff3bdd98972f17e1a4728a9ae2368416') in 0.018118 seconds 
Number of asset objects unloaded after import = 3
========================================================================
Received Import Request.
  Time since last request: 0.000019 seconds.
  path: Assets/2D Pixel Art Platformer Biome - Plains/Tree1.asset
  artifactKey: Guid(51a6bddf86b9b86428c47dd13adac468) Importer(815301076,1909f56bfc062723c751e8b465ee728b)
Number of updated assets reloaded before import = 0
Start importing Assets/2D Pixel Art Platformer Biome - Plains/Tree1.asset using Guid(51a6bddf86b9b86428c47dd13adac468) Importer(815301076,1909f56bfc062723c751e8b465ee728b)  -> (artifact id: '9c8db263c0990ac12fa448b2edc9f99a') in 0.017251 seconds 
Number of asset objects unloaded after import = 3
========================================================================
Received Import Request.
  Time since last request: 0.000027 seconds.
  path: Assets/2D Pixel Art Platformer Biome - Plains/Tree5.asset
  artifactKey: Guid(64da9fa7fda59ef47b5749446c92b77b) Importer(815301076,1909f56bfc062723c751e8b465ee728b)
Number of updated assets reloaded before import = 0
Start importing Assets/2D Pixel Art Platformer Biome - Plains/Tree5.asset using Guid(64da9fa7fda59ef47b5749446c92b77b) Importer(815301076,1909f56bfc062723c751e8b465ee728b)  -> (artifact id: '7327e36a65d5033d26bf5772b33169d8') in 0.017923 seconds 
Number of asset objects unloaded after import = 3
========================================================================
Received Import Request.
  Time since last request: 0.000027 seconds.
  path: Assets/2D Pixel Art Platformer Biome - Plains/TileSpikes.asset
  artifactKey: Guid(293bfd88943baf8468f389260f469ea0) Importer(815301076,1909f56bfc062723c751e8b465ee728b)
Number of updated assets reloaded before import = 0
Start importing Assets/2D Pixel Art Platformer Biome - Plains/TileSpikes.asset using Guid(293bfd88943baf8468f389260f469ea0) Importer(815301076,1909f56bfc062723c751e8b465ee728b)  -> (artifact id: '1c6f4a0765c348495a7067795dd0210a') in 0.017880 seconds 
Number of asset objects unloaded after import = 3
========================================================================
Received Import Request.
  Time since last request: 0.000022 seconds.
  path: Assets/2D Pixel Art Platformer Biome - Plains/TilePlant16.asset
  artifactKey: Guid(a11704322b40f0248968bb8815e5475f) Importer(815301076,1909f56bfc062723c751e8b465ee728b)
Number of updated assets reloaded before import = 0
Start importing Assets/2D Pixel Art Platformer Biome - Plains/TilePlant16.asset using Guid(a11704322b40f0248968bb8815e5475f) Importer(815301076,1909f56bfc062723c751e8b465ee728b)  -> (artifact id: '4ff47085c5d8260c31f89d2a929a2825') in 0.016621 seconds 
Number of asset objects unloaded after import = 3
========================================================================
Received Import Request.
  Time since last request: 0.000023 seconds.
  path: Assets/2D Pixel Art Platformer Biome - Plains/Tree3.asset
  artifactKey: Guid(6f9164651b030c04db4f14eaba3674b1) Importer(815301076,1909f56bfc062723c751e8b465ee728b)
Number of updated assets reloaded before import = 0
Start importing Assets/2D Pixel Art Platformer Biome - Plains/Tree3.asset using Guid(6f9164651b030c04db4f14eaba3674b1) Importer(815301076,1909f56bfc062723c751e8b465ee728b)  -> (artifact id: '137247528358e433ce159bf4311cedc5') in 0.016575 seconds 
Number of asset objects unloaded after import = 3
