Using pre-set license
Built from '2021.3/staging' branch; Version is '2021.3.33f1 (ee5a2aa03ab2) revision 15620650'; Using compiler version '192829333'; Build Type 'Release'
OS: 'Windows 11  (10.0.26100) 64bit Core' Language: 'en' Physical Memory: 65388 MB
BatchMode: 1, IsHumanControllingUs: 0, StartBugReporterOnCrash: 0, Is64bit: 1, IsPro: 1

COMMAND LINE ARGUMENTS:
C:\Program Files\Unity\Hub\Editor\2021.3.33f1\Editor\Unity.exe
-adb2
-batchMode
-noUpm
-name
AssetImportWorker1
-projectPath
C:/Users/godof/Desktop/VSCodeProjects/Unity/Abyss
-logFile
Logs/AssetImportWorker1.log
-srvPort
51367
Successfully changed project path to: C:/Users/godof/Desktop/VSCodeProjects/Unity/Abyss
C:/Users/godof/Desktop/VSCodeProjects/Unity/Abyss
[UnityMemory] Configuration Parameters - Can be set up in boot.config
    "memorysetup-bucket-allocator-granularity=16"
    "memorysetup-bucket-allocator-bucket-count=8"
    "memorysetup-bucket-allocator-block-size=33554432"
    "memorysetup-bucket-allocator-block-count=8"
    "memorysetup-main-allocator-block-size=16777216"
    "memorysetup-thread-allocator-block-size=16777216"
    "memorysetup-gfx-main-allocator-block-size=16777216"
    "memorysetup-gfx-thread-allocator-block-size=16777216"
    "memorysetup-cache-allocator-block-size=4194304"
    "memorysetup-typetree-allocator-block-size=2097152"
    "memorysetup-profiler-bucket-allocator-granularity=16"
    "memorysetup-profiler-bucket-allocator-bucket-count=8"
    "memorysetup-profiler-bucket-allocator-block-size=33554432"
    "memorysetup-profiler-bucket-allocator-block-count=8"
    "memorysetup-profiler-allocator-block-size=16777216"
    "memorysetup-profiler-editor-allocator-block-size=1048576"
    "memorysetup-temp-allocator-size-main=16777216"
    "memorysetup-job-temp-allocator-block-size=2097152"
    "memorysetup-job-temp-allocator-block-size-background=1048576"
    "memorysetup-job-temp-allocator-reduction-small-platforms=262144"
    "memorysetup-temp-allocator-size-background-worker=32768"
    "memorysetup-temp-allocator-size-job-worker=262144"
    "memorysetup-temp-allocator-size-preload-manager=33554432"
    "memorysetup-temp-allocator-size-nav-mesh-worker=65536"
    "memorysetup-temp-allocator-size-audio-worker=65536"
    "memorysetup-temp-allocator-size-cloud-worker=32768"
    "memorysetup-temp-allocator-size-gi-baking-worker=262144"
    "memorysetup-temp-allocator-size-gfx=262144"
Player connection [20772] Host "[IP] 192.168.56.1 [Port] 0 [Flags] 2 [Guid] 2991608121 [EditorId] 2991608121 [Version] 1048832 [Id] WindowsEditor(7,Dart_Gaming_Com) [Debug] 1 [PackageName] WindowsEditor [ProjectName] Editor" joined multi-casting on [225.0.0.222:54997]...

Player connection [20772] Host "[IP] 192.168.56.1 [Port] 0 [Flags] 2 [Guid] 2991608121 [EditorId] 2991608121 [Version] 1048832 [Id] WindowsEditor(7,Dart_Gaming_Com) [Debug] 1 [PackageName] WindowsEditor [ProjectName] Editor" joined alternative multi-casting on [225.0.0.222:34997]...

[Physics::Module] Initialized MultithreadedJobDispatcher with {0} workers.
Refreshing native plugins compatible for Editor in 131.58 ms, found 4 plugins.
Preloading 0 native plugins for Editor in 0.00 ms.
Initialize engine version: 2021.3.33f1 (ee5a2aa03ab2)
[Subsystems] Discovering subsystems at path C:/Program Files/Unity/Hub/Editor/2021.3.33f1/Editor/Data/Resources/UnitySubsystems
[Subsystems] Discovering subsystems at path C:/Users/godof/Desktop/VSCodeProjects/Unity/Abyss/Assets
GfxDevice: creating device client; threaded=0; jobified=0
Direct3D:
    Version:  Direct3D 11.0 [level 11.1]
    Renderer: NVIDIA GeForce RTX 3050 Ti Laptop GPU (ID=0x25e0)
    Vendor:   NVIDIA
    VRAM:     3977 MB
    Driver:   31.0.15.4630
Initialize mono
Mono path[0] = 'C:/Program Files/Unity/Hub/Editor/2021.3.33f1/Editor/Data/Managed'
Mono path[1] = 'C:/Program Files/Unity/Hub/Editor/2021.3.33f1/Editor/Data/MonoBleedingEdge/lib/mono/unityjit-win32'
Mono config path = 'C:/Program Files/Unity/Hub/Editor/2021.3.33f1/Editor/Data/MonoBleedingEdge/etc'
Using monoOptions --debugger-agent=transport=dt_socket,embedding=1,server=y,suspend=n,address=127.0.0.1:56212
Begin MonoManager ReloadAssembly
Registering precompiled unity dll's ...
Register platform support module: C:/Program Files/Unity/Hub/Editor/2021.3.33f1/Editor/Data/PlaybackEngines/WindowsStandaloneSupport/UnityEditor.WindowsStandalone.Extensions.dll
Registered in 0.006047 seconds.
Native extension for WindowsStandalone target not found
Refreshing native plugins compatible for Editor in 122.04 ms, found 4 plugins.
Preloading 0 native plugins for Editor in 0.00 ms.
Mono: successfully reloaded assembly
- Completed reload, in  0.663 seconds
Domain Reload Profiling:
	ReloadAssembly (663ms)
		BeginReloadAssembly (91ms)
			ExecutionOrderSort (0ms)
			DisableScriptedObjects (0ms)
			BackupInstance (0ms)
			ReleaseScriptingObjects (0ms)
			CreateAndSetChildDomain (1ms)
		EndReloadAssembly (482ms)
			LoadAssemblies (88ms)
			RebuildTransferFunctionScriptingTraits (0ms)
			SetupTypeCache (93ms)
			ReleaseScriptCaches (0ms)
			RebuildScriptCaches (25ms)
			SetupLoadedEditorAssemblies (324ms)
				LogAssemblyErrors (0ms)
				InitializePlatformSupportModulesInManaged (10ms)
				SetLoadedEditorAssemblies (0ms)
				RefreshPlugins (122ms)
				BeforeProcessingInitializeOnLoad (1ms)
				ProcessInitializeOnLoadAttributes (142ms)
				ProcessInitializeOnLoadMethodAttributes (48ms)
				AfterProcessingInitializeOnLoad (0ms)
				EditorAssembliesLoaded (0ms)
			ExecutionOrderSort2 (0ms)
			AwakeInstancesAfterBackupRestoration (0ms)
Platform modules already initialized, skipping
Registering precompiled user dll's ...
Registered in 0.009362 seconds.
Begin MonoManager ReloadAssembly
Native extension for WindowsStandalone target not found
Refreshing native plugins compatible for Editor in 137.54 ms, found 4 plugins.
Preloading 0 native plugins for Editor in 0.00 ms.
Package Manager log level set to [2]
[Package Manager] Server::EnsureServerProcessIsRunning -- launch failed, reason: Unity was launched with the -noUpm command-line argument
[Package Manager] Cannot connect to Unity Package Manager local server
Mono: successfully reloaded assembly
- Completed reload, in  1.890 seconds
Domain Reload Profiling:
	ReloadAssembly (1891ms)
		BeginReloadAssembly (130ms)
			ExecutionOrderSort (0ms)
			DisableScriptedObjects (5ms)
			BackupInstance (0ms)
			ReleaseScriptingObjects (0ms)
			CreateAndSetChildDomain (20ms)
		EndReloadAssembly (1652ms)
			LoadAssemblies (116ms)
			RebuildTransferFunctionScriptingTraits (0ms)
			SetupTypeCache (261ms)
			ReleaseScriptCaches (1ms)
			RebuildScriptCaches (67ms)
			SetupLoadedEditorAssemblies (1194ms)
				LogAssemblyErrors (0ms)
				InitializePlatformSupportModulesInManaged (4ms)
				SetLoadedEditorAssemblies (0ms)
				RefreshPlugins (138ms)
				BeforeProcessingInitializeOnLoad (129ms)
				ProcessInitializeOnLoadAttributes (820ms)
				ProcessInitializeOnLoadMethodAttributes (92ms)
				AfterProcessingInitializeOnLoad (11ms)
				EditorAssembliesLoaded (0ms)
			ExecutionOrderSort2 (0ms)
			AwakeInstancesAfterBackupRestoration (5ms)
Platform modules already initialized, skipping
========================================================================
Worker process is ready to serve import requests
Launched and connected shader compiler UnityShaderCompiler.exe after 0.05 seconds
Refreshing native plugins compatible for Editor in 1.05 ms, found 4 plugins.
Preloading 0 native plugins for Editor in 0.00 ms.
Unloading 5696 Unused Serialized files (Serialized files now loaded: 0)
Unloading 44 unused Assets / (0.7 MB). Loaded Objects now: 6150.
Memory consumption went from 227.0 MB to 226.3 MB.
Total: 4.203100 ms (FindLiveObjects: 0.395700 ms CreateObjectMapping: 0.316700 ms MarkObjects: 3.194300 ms  DeleteObjects: 0.295200 ms)

AssetImportParameters requested are different than current active one (requested -> active):
  custom:video-decoder-ogg-theora: a1e56fd34408186e4bbccfd4996cb3dc -> 
  custom:container-muxer-webm: aa71ff27fc2769a1b78a27578f13a17b -> 
  custom:container-demuxer-webm: 4f35f7cbe854078d1ac9338744f61a02 -> 
  custom:video-encoder-webm-vp8: eb34c28f22e8b96e1ab97ce403110664 -> 
  custom:video-codec-MediaFoundation-h265: 746d11721c4dcdbdad8f713fa42b33f4 -> 
  custom:CustomObjectIndexerAttribute: 6b0e35c9178b02a6363f3721b7b8e397 -> 
  custom:audio-encoder-webm-vorbis: bf7c407c2cedff20999df2af8eb42d56 -> 
  custom:framework-win-MediaFoundation: 216162199b28c13a410421893ffa2e32 -> 
  custom:SearchIndexIgnoredProperties: e643bd26f0fe6173181afceb89e7c659 -> 
  custom:container-demuxer-ogg: 62fdf1f143b41e24485cea50d1cbac27 -> 
  custom:video-decoder-webm-vp8: 9c59270c3fd7afecdb556c50c9e8de78 -> 
  custom:audio-decoder-ogg-vorbis: bf7c407c2cedff20999df2af8eb42d56 -> 
========================================================================
Received Prepare
Registering precompiled user dll's ...
Registered in 0.007620 seconds.
Begin MonoManager ReloadAssembly
Native extension for WindowsStandalone target not found
Refreshing native plugins compatible for Editor in 1.20 ms, found 4 plugins.
Preloading 0 native plugins for Editor in 0.00 ms.
[Package Manager] Server::EnsureServerProcessIsRunning -- launch failed, reason: Unity was launched with the -noUpm command-line argument
[Package Manager] Cannot connect to Unity Package Manager local server
Mono: successfully reloaded assembly
- Completed reload, in  1.603 seconds
Domain Reload Profiling:
	ReloadAssembly (1604ms)
		BeginReloadAssembly (140ms)
			ExecutionOrderSort (0ms)
			DisableScriptedObjects (5ms)
			BackupInstance (0ms)
			ReleaseScriptingObjects (0ms)
			CreateAndSetChildDomain (37ms)
		EndReloadAssembly (1370ms)
			LoadAssemblies (102ms)
			RebuildTransferFunctionScriptingTraits (0ms)
			SetupTypeCache (243ms)
			ReleaseScriptCaches (2ms)
			RebuildScriptCaches (45ms)
			SetupLoadedEditorAssemblies (946ms)
				LogAssemblyErrors (0ms)
				InitializePlatformSupportModulesInManaged (6ms)
				SetLoadedEditorAssemblies (0ms)
				RefreshPlugins (1ms)
				BeforeProcessingInitializeOnLoad (95ms)
				ProcessInitializeOnLoadAttributes (756ms)
				ProcessInitializeOnLoadMethodAttributes (77ms)
				AfterProcessingInitializeOnLoad (10ms)
				EditorAssembliesLoaded (0ms)
			ExecutionOrderSort2 (0ms)
			AwakeInstancesAfterBackupRestoration (7ms)
Platform modules already initialized, skipping
Refreshing native plugins compatible for Editor in 1.71 ms, found 4 plugins.
Preloading 0 native plugins for Editor in 0.00 ms.
Unloading 5551 Unused Serialized files (Serialized files now loaded: 0)
Unloading 31 unused Assets / (0.7 MB). Loaded Objects now: 6153.
Memory consumption went from 216.6 MB to 215.9 MB.
Total: 3.786700 ms (FindLiveObjects: 0.371900 ms CreateObjectMapping: 0.158000 ms MarkObjects: 2.972600 ms  DeleteObjects: 0.283200 ms)

AssetImportParameters requested are different than current active one (requested -> active):
  custom:video-decoder-ogg-theora: a1e56fd34408186e4bbccfd4996cb3dc -> 
  custom:container-muxer-webm: aa71ff27fc2769a1b78a27578f13a17b -> 
  custom:container-demuxer-webm: 4f35f7cbe854078d1ac9338744f61a02 -> 
  custom:video-encoder-webm-vp8: eb34c28f22e8b96e1ab97ce403110664 -> 
  custom:video-codec-MediaFoundation-h265: 746d11721c4dcdbdad8f713fa42b33f4 -> 
  custom:CustomObjectIndexerAttribute: 6b0e35c9178b02a6363f3721b7b8e397 -> 
  custom:audio-encoder-webm-vorbis: bf7c407c2cedff20999df2af8eb42d56 -> 
  custom:framework-win-MediaFoundation: 216162199b28c13a410421893ffa2e32 -> 
  custom:SearchIndexIgnoredProperties: e643bd26f0fe6173181afceb89e7c659 -> 
  custom:container-demuxer-ogg: 62fdf1f143b41e24485cea50d1cbac27 -> 
  custom:video-decoder-webm-vp8: 9c59270c3fd7afecdb556c50c9e8de78 -> 
  custom:audio-decoder-ogg-vorbis: bf7c407c2cedff20999df2af8eb42d56 -> 
========================================================================
Received Prepare
Registering precompiled user dll's ...
Registered in 0.008327 seconds.
Begin MonoManager ReloadAssembly
Native extension for WindowsStandalone target not found
Refreshing native plugins compatible for Editor in 1.25 ms, found 4 plugins.
Preloading 0 native plugins for Editor in 0.00 ms.
[Package Manager] Server::EnsureServerProcessIsRunning -- launch failed, reason: Unity was launched with the -noUpm command-line argument
[Package Manager] Cannot connect to Unity Package Manager local server
Mono: successfully reloaded assembly
- Completed reload, in  1.731 seconds
Domain Reload Profiling:
	ReloadAssembly (1732ms)
		BeginReloadAssembly (147ms)
			ExecutionOrderSort (0ms)
			DisableScriptedObjects (7ms)
			BackupInstance (0ms)
			ReleaseScriptingObjects (0ms)
			CreateAndSetChildDomain (36ms)
		EndReloadAssembly (1489ms)
			LoadAssemblies (112ms)
			RebuildTransferFunctionScriptingTraits (0ms)
			SetupTypeCache (256ms)
			ReleaseScriptCaches (2ms)
			RebuildScriptCaches (54ms)
			SetupLoadedEditorAssemblies (1024ms)
				LogAssemblyErrors (0ms)
				InitializePlatformSupportModulesInManaged (6ms)
				SetLoadedEditorAssemblies (1ms)
				RefreshPlugins (1ms)
				BeforeProcessingInitializeOnLoad (106ms)
				ProcessInitializeOnLoadAttributes (818ms)
				ProcessInitializeOnLoadMethodAttributes (81ms)
				AfterProcessingInitializeOnLoad (10ms)
				EditorAssembliesLoaded (0ms)
			ExecutionOrderSort2 (0ms)
			AwakeInstancesAfterBackupRestoration (8ms)
Platform modules already initialized, skipping
Refreshing native plugins compatible for Editor in 1.25 ms, found 4 plugins.
Preloading 0 native plugins for Editor in 0.00 ms.
Unloading 5551 Unused Serialized files (Serialized files now loaded: 0)
Unloading 31 unused Assets / (0.7 MB). Loaded Objects now: 6156.
Memory consumption went from 216.6 MB to 215.9 MB.
Total: 4.131300 ms (FindLiveObjects: 0.383800 ms CreateObjectMapping: 0.210200 ms MarkObjects: 3.219500 ms  DeleteObjects: 0.317000 ms)

AssetImportParameters requested are different than current active one (requested -> active):
  custom:video-decoder-ogg-theora: a1e56fd34408186e4bbccfd4996cb3dc -> 
  custom:container-muxer-webm: aa71ff27fc2769a1b78a27578f13a17b -> 
  custom:container-demuxer-webm: 4f35f7cbe854078d1ac9338744f61a02 -> 
  custom:video-encoder-webm-vp8: eb34c28f22e8b96e1ab97ce403110664 -> 
  custom:video-codec-MediaFoundation-h265: 746d11721c4dcdbdad8f713fa42b33f4 -> 
  custom:CustomObjectIndexerAttribute: 6b0e35c9178b02a6363f3721b7b8e397 -> 
  custom:audio-encoder-webm-vorbis: bf7c407c2cedff20999df2af8eb42d56 -> 
  custom:framework-win-MediaFoundation: 216162199b28c13a410421893ffa2e32 -> 
  custom:SearchIndexIgnoredProperties: e643bd26f0fe6173181afceb89e7c659 -> 
  custom:container-demuxer-ogg: 62fdf1f143b41e24485cea50d1cbac27 -> 
  custom:video-decoder-webm-vp8: 9c59270c3fd7afecdb556c50c9e8de78 -> 
  custom:audio-decoder-ogg-vorbis: bf7c407c2cedff20999df2af8eb42d56 -> 
========================================================================
Received Import Request.
  Time since last request: 12060.913516 seconds.
  path: Assets/2D Pixel Art Platformer Biome - Plains/Background2.asset
  artifactKey: Guid(56d01b1e5f1013a489ac699dc097b1ea) Importer(815301076,1909f56bfc062723c751e8b465ee728b)
Number of updated assets reloaded before import = 0
Start importing Assets/2D Pixel Art Platformer Biome - Plains/Background2.asset using Guid(56d01b1e5f1013a489ac699dc097b1ea) Importer(815301076,1909f56bfc062723c751e8b465ee728b)  -> (artifact id: '3379ff97ada85b5f5ae29d706d988819') in 0.137286 seconds 
Number of asset objects unloaded after import = 4
========================================================================
Received Import Request.
  Time since last request: 0.000034 seconds.
  path: Assets/2D Pixel Art Platformer Biome - Plains/Background3.asset
  artifactKey: Guid(5b99912986f6fe142a6f7f3cc22b2ac9) Importer(815301076,1909f56bfc062723c751e8b465ee728b)
Number of updated assets reloaded before import = 0
Start importing Assets/2D Pixel Art Platformer Biome - Plains/Background3.asset using Guid(5b99912986f6fe142a6f7f3cc22b2ac9) Importer(815301076,1909f56bfc062723c751e8b465ee728b)  -> (artifact id: '37e50c16dc1309ed637ae1af1c3b5f7e') in 0.026213 seconds 
Number of asset objects unloaded after import = 3
========================================================================
Received Import Request.
  Time since last request: 0.000049 seconds.
  path: Assets/2D Pixel Art Platformer Biome - Plains/Background5.asset
  artifactKey: Guid(86c429a49048c5944882a7fd6affa85c) Importer(815301076,1909f56bfc062723c751e8b465ee728b)
Number of updated assets reloaded before import = 0
Start importing Assets/2D Pixel Art Platformer Biome - Plains/Background5.asset using Guid(86c429a49048c5944882a7fd6affa85c) Importer(815301076,1909f56bfc062723c751e8b465ee728b)  -> (artifact id: '37b1bc94735845dd51cf1109e51507d1') in 0.022742 seconds 
Number of asset objects unloaded after import = 3
========================================================================
Received Import Request.
  Time since last request: 0.000025 seconds.
  path: Assets/2D Pixel Art Platformer Biome - Plains/Pointer.asset
  artifactKey: Guid(953e66a1b1fd8254b8e1cfec18a326cc) Importer(815301076,1909f56bfc062723c751e8b465ee728b)
Number of updated assets reloaded before import = 0
Start importing Assets/2D Pixel Art Platformer Biome - Plains/Pointer.asset using Guid(953e66a1b1fd8254b8e1cfec18a326cc) Importer(815301076,1909f56bfc062723c751e8b465ee728b)  -> (artifact id: '56c03084b665786ab720adafcdbf7aae') in 0.018276 seconds 
Number of asset objects unloaded after import = 3
========================================================================
Received Import Request.
  Time since last request: 5.866534 seconds.
  path: Assets/2D Pixel Art Platformer Biome - Plains/Stone1.asset
  artifactKey: Guid(0da0d2e3802fbb24fb6440c16a5ca854) Importer(815301076,1909f56bfc062723c751e8b465ee728b)
Number of updated assets reloaded before import = 0
Start importing Assets/2D Pixel Art Platformer Biome - Plains/Stone1.asset using Guid(0da0d2e3802fbb24fb6440c16a5ca854) Importer(815301076,1909f56bfc062723c751e8b465ee728b)  -> (artifact id: '43206c4737fb3fe4920bdb227d710f0d') in 0.017370 seconds 
Number of asset objects unloaded after import = 3
========================================================================
Received Import Request.
  Time since last request: 0.000027 seconds.
  path: Assets/2D Pixel Art Platformer Biome - Plains/TileBackGround3.asset
  artifactKey: Guid(75b419708d53d3342837c1dd16824ee7) Importer(815301076,1909f56bfc062723c751e8b465ee728b)
Number of updated assets reloaded before import = 0
Start importing Assets/2D Pixel Art Platformer Biome - Plains/TileBackGround3.asset using Guid(75b419708d53d3342837c1dd16824ee7) Importer(815301076,1909f56bfc062723c751e8b465ee728b)  -> (artifact id: '3ca970cb0af916cc2f48af9d866d539d') in 0.014968 seconds 
Number of asset objects unloaded after import = 3
========================================================================
Received Import Request.
  Time since last request: 0.000028 seconds.
  path: Assets/2D Pixel Art Platformer Biome - Plains/TileBackGround2.asset
  artifactKey: Guid(2f9085f9b3304bd459a4373108b43be9) Importer(815301076,1909f56bfc062723c751e8b465ee728b)
Number of updated assets reloaded before import = 0
Start importing Assets/2D Pixel Art Platformer Biome - Plains/TileBackGround2.asset using Guid(2f9085f9b3304bd459a4373108b43be9) Importer(815301076,1909f56bfc062723c751e8b465ee728b)  -> (artifact id: '8a8a450b53de04c5f99cd0653104f880') in 0.014139 seconds 
Number of asset objects unloaded after import = 3
========================================================================
Received Import Request.
  Time since last request: 0.000027 seconds.
  path: Assets/2D Pixel Art Platformer Biome - Plains/TileBackGround12.asset
  artifactKey: Guid(929307d2097e9a34cb52326586dfe1e5) Importer(815301076,1909f56bfc062723c751e8b465ee728b)
Number of updated assets reloaded before import = 0
Start importing Assets/2D Pixel Art Platformer Biome - Plains/TileBackGround12.asset using Guid(929307d2097e9a34cb52326586dfe1e5) Importer(815301076,1909f56bfc062723c751e8b465ee728b)  -> (artifact id: '7db73cbc20f23f6fc0d8298fbb4c6288') in 0.015372 seconds 
Number of asset objects unloaded after import = 3
========================================================================
Received Import Request.
  Time since last request: 0.000022 seconds.
  path: Assets/2D Pixel Art Platformer Biome - Plains/Stone3.asset
  artifactKey: Guid(f52fc299a38bb994d86f96b39f2dac64) Importer(815301076,1909f56bfc062723c751e8b465ee728b)
Number of updated assets reloaded before import = 0
Start importing Assets/2D Pixel Art Platformer Biome - Plains/Stone3.asset using Guid(f52fc299a38bb994d86f96b39f2dac64) Importer(815301076,1909f56bfc062723c751e8b465ee728b)  -> (artifact id: '2a2050e4c1ef9159940e6f183fddface') in 0.015235 seconds 
Number of asset objects unloaded after import = 3
========================================================================
Received Import Request.
  Time since last request: 0.000025 seconds.
  path: Assets/2D Pixel Art Platformer Biome - Plains/TileBackGround10.asset
  artifactKey: Guid(be5a43640a7126f4e8a06adc7fad409b) Importer(815301076,1909f56bfc062723c751e8b465ee728b)
Number of updated assets reloaded before import = 0
Start importing Assets/2D Pixel Art Platformer Biome - Plains/TileBackGround10.asset using Guid(be5a43640a7126f4e8a06adc7fad409b) Importer(815301076,1909f56bfc062723c751e8b465ee728b)  -> (artifact id: '1b02d3341597fb16d57f2c7146d7f4ad') in 0.016295 seconds 
Number of asset objects unloaded after import = 3
========================================================================
Received Import Request.
  Time since last request: 0.000029 seconds.
  path: Assets/2D Pixel Art Platformer Biome - Plains/TileBackGround9.asset
  artifactKey: Guid(c1be610d84fb49848a90d3c0d6eede30) Importer(815301076,1909f56bfc062723c751e8b465ee728b)
Number of updated assets reloaded before import = 0
Start importing Assets/2D Pixel Art Platformer Biome - Plains/TileBackGround9.asset using Guid(c1be610d84fb49848a90d3c0d6eede30) Importer(815301076,1909f56bfc062723c751e8b465ee728b)  -> (artifact id: '33edfd25f58d09ff7aba87fdd909f4e5') in 0.014488 seconds 
Number of asset objects unloaded after import = 3
========================================================================
Received Import Request.
  Time since last request: 0.000027 seconds.
  path: Assets/2D Pixel Art Platformer Biome - Plains/Stump1.asset
  artifactKey: Guid(b88304378ba54e947a4e886637426fee) Importer(815301076,1909f56bfc062723c751e8b465ee728b)
Number of updated assets reloaded before import = 0
Start importing Assets/2D Pixel Art Platformer Biome - Plains/Stump1.asset using Guid(b88304378ba54e947a4e886637426fee) Importer(815301076,1909f56bfc062723c751e8b465ee728b)  -> (artifact id: '3d8e2c34fcbbb1018f612ce004be4286') in 0.014734 seconds 
Number of asset objects unloaded after import = 3
========================================================================
Received Import Request.
  Time since last request: 0.341198 seconds.
  path: Assets/2D Pixel Art Platformer Biome - Plains/TileFence3.asset
  artifactKey: Guid(72e44848ca923474688c39960b39b33d) Importer(815301076,1909f56bfc062723c751e8b465ee728b)
Number of updated assets reloaded before import = 0
Start importing Assets/2D Pixel Art Platformer Biome - Plains/TileFence3.asset using Guid(72e44848ca923474688c39960b39b33d) Importer(815301076,1909f56bfc062723c751e8b465ee728b)  -> (artifact id: '9c3956617b9cdc1edb5afddc54b59613') in 0.015400 seconds 
Number of asset objects unloaded after import = 3
========================================================================
Received Import Request.
  Time since last request: 0.000018 seconds.
  path: Assets/2D Pixel Art Platformer Biome - Plains/TileGround3.asset
  artifactKey: Guid(a2812d86a13e22f4f97c393e26920c21) Importer(815301076,1909f56bfc062723c751e8b465ee728b)
Number of updated assets reloaded before import = 0
Start importing Assets/2D Pixel Art Platformer Biome - Plains/TileGround3.asset using Guid(a2812d86a13e22f4f97c393e26920c21) Importer(815301076,1909f56bfc062723c751e8b465ee728b)  -> (artifact id: 'd502263a61500bb425695e525f62cbae') in 0.015270 seconds 
Number of asset objects unloaded after import = 3
========================================================================
Received Import Request.
  Time since last request: 0.000020 seconds.
  path: Assets/2D Pixel Art Platformer Biome - Plains/TileGround8.asset
  artifactKey: Guid(d9f2835d481e1714bb1d09647ffe99da) Importer(815301076,1909f56bfc062723c751e8b465ee728b)
Number of updated assets reloaded before import = 0
Start importing Assets/2D Pixel Art Platformer Biome - Plains/TileGround8.asset using Guid(d9f2835d481e1714bb1d09647ffe99da) Importer(815301076,1909f56bfc062723c751e8b465ee728b)  -> (artifact id: '3d72b048df47529786362309adc712da') in 0.015681 seconds 
Number of asset objects unloaded after import = 3
========================================================================
Received Import Request.
  Time since last request: 0.000020 seconds.
  path: Assets/2D Pixel Art Platformer Biome - Plains/TileGround14.asset
  artifactKey: Guid(c70840f002879c844a80e04573b4905d) Importer(815301076,1909f56bfc062723c751e8b465ee728b)
Number of updated assets reloaded before import = 0
Start importing Assets/2D Pixel Art Platformer Biome - Plains/TileGround14.asset using Guid(c70840f002879c844a80e04573b4905d) Importer(815301076,1909f56bfc062723c751e8b465ee728b)  -> (artifact id: 'd2e754a6d94e5cb0f7a454a56ea4be06') in 0.015837 seconds 
Number of asset objects unloaded after import = 3
========================================================================
Received Import Request.
  Time since last request: 0.000029 seconds.
  path: Assets/2D Pixel Art Platformer Biome - Plains/TileGround21.asset
  artifactKey: Guid(d4ad4ffbca7845249a39ee0efd21a636) Importer(815301076,1909f56bfc062723c751e8b465ee728b)
Number of updated assets reloaded before import = 0
Start importing Assets/2D Pixel Art Platformer Biome - Plains/TileGround21.asset using Guid(d4ad4ffbca7845249a39ee0efd21a636) Importer(815301076,1909f56bfc062723c751e8b465ee728b)  -> (artifact id: '8fd8c3b1bbca8489dcbb701516e3de4e') in 0.014207 seconds 
Number of asset objects unloaded after import = 3
========================================================================
Received Import Request.
  Time since last request: 0.000019 seconds.
  path: Assets/2D Pixel Art Platformer Biome - Plains/TileGround6.asset
  artifactKey: Guid(047a34f257a64a846bd1014a971a5d91) Importer(815301076,1909f56bfc062723c751e8b465ee728b)
Number of updated assets reloaded before import = 0
Start importing Assets/2D Pixel Art Platformer Biome - Plains/TileGround6.asset using Guid(047a34f257a64a846bd1014a971a5d91) Importer(815301076,1909f56bfc062723c751e8b465ee728b)  -> (artifact id: '0e1126528b1794f46cd19348445a9dd2') in 0.016071 seconds 
Number of asset objects unloaded after import = 3
========================================================================
Received Import Request.
  Time since last request: 0.000017 seconds.
  path: Assets/2D Pixel Art Platformer Biome - Plains/TileGround19.asset
  artifactKey: Guid(d7d703926138fce4a8e29157442168c3) Importer(815301076,1909f56bfc062723c751e8b465ee728b)
Number of updated assets reloaded before import = 0
Start importing Assets/2D Pixel Art Platformer Biome - Plains/TileGround19.asset using Guid(d7d703926138fce4a8e29157442168c3) Importer(815301076,1909f56bfc062723c751e8b465ee728b)  -> (artifact id: '27279e96717685fc90d322523fd6d38d') in 0.016380 seconds 
Number of asset objects unloaded after import = 3
========================================================================
Received Import Request.
  Time since last request: 0.000015 seconds.
  path: Assets/2D Pixel Art Platformer Biome - Plains/TileGround13.asset
  artifactKey: Guid(13a98738a3cb4d644b41615b0574a859) Importer(815301076,1909f56bfc062723c751e8b465ee728b)
Number of updated assets reloaded before import = 0
Start importing Assets/2D Pixel Art Platformer Biome - Plains/TileGround13.asset using Guid(13a98738a3cb4d644b41615b0574a859) Importer(815301076,1909f56bfc062723c751e8b465ee728b)  -> (artifact id: '64ae862a87334d726babdcfa0d13c443') in 0.015740 seconds 
Number of asset objects unloaded after import = 3
========================================================================
Received Import Request.
  Time since last request: 0.000022 seconds.
  path: Assets/2D Pixel Art Platformer Biome - Plains/TileGround11.asset
  artifactKey: Guid(65a0c4d874d7b624b8b53fd71d05e31e) Importer(815301076,1909f56bfc062723c751e8b465ee728b)
Number of updated assets reloaded before import = 0
Start importing Assets/2D Pixel Art Platformer Biome - Plains/TileGround11.asset using Guid(65a0c4d874d7b624b8b53fd71d05e31e) Importer(815301076,1909f56bfc062723c751e8b465ee728b)  -> (artifact id: '58edddbe0c961d2ad8b68ab2846738c9') in 0.015178 seconds 
Number of asset objects unloaded after import = 3
========================================================================
Received Import Request.
  Time since last request: 0.000028 seconds.
  path: Assets/2D Pixel Art Platformer Biome - Plains/TileGround22.asset
  artifactKey: Guid(11564d0e8fc988544a2e8fbaff043fec) Importer(815301076,1909f56bfc062723c751e8b465ee728b)
Number of updated assets reloaded before import = 0
Start importing Assets/2D Pixel Art Platformer Biome - Plains/TileGround22.asset using Guid(11564d0e8fc988544a2e8fbaff043fec) Importer(815301076,1909f56bfc062723c751e8b465ee728b)  -> (artifact id: '5f8c677ff75676f548a8ab48da91a235') in 0.027049 seconds 
Number of asset objects unloaded after import = 3
========================================================================
Received Import Request.
  Time since last request: 0.000027 seconds.
  path: Assets/2D Pixel Art Platformer Biome - Plains/TileGround12.asset
  artifactKey: Guid(a87fea9769f05734b98fb156c2f47a6f) Importer(815301076,1909f56bfc062723c751e8b465ee728b)
Number of updated assets reloaded before import = 0
Start importing Assets/2D Pixel Art Platformer Biome - Plains/TileGround12.asset using Guid(a87fea9769f05734b98fb156c2f47a6f) Importer(815301076,1909f56bfc062723c751e8b465ee728b)  -> (artifact id: '77d515667254599d739f6dd54ea857f8') in 0.022018 seconds 
Number of asset objects unloaded after import = 3
========================================================================
Received Import Request.
  Time since last request: 0.000030 seconds.
  path: Assets/2D Pixel Art Platformer Biome - Plains/TileGround18.asset
  artifactKey: Guid(f2d99c63704e08747b439a0134252af3) Importer(815301076,1909f56bfc062723c751e8b465ee728b)
Number of updated assets reloaded before import = 0
Start importing Assets/2D Pixel Art Platformer Biome - Plains/TileGround18.asset using Guid(f2d99c63704e08747b439a0134252af3) Importer(815301076,1909f56bfc062723c751e8b465ee728b)  -> (artifact id: 'be381350bf07cd476ad6092b38152199') in 0.019518 seconds 
Number of asset objects unloaded after import = 3
========================================================================
Received Import Request.
  Time since last request: 0.438329 seconds.
  path: Assets/2D Pixel Art Platformer Biome - Plains/TilePlant9.asset
  artifactKey: Guid(f527ba1c013b3384aadce74a9dfc6c41) Importer(815301076,1909f56bfc062723c751e8b465ee728b)
Number of updated assets reloaded before import = 0
Start importing Assets/2D Pixel Art Platformer Biome - Plains/TilePlant9.asset using Guid(f527ba1c013b3384aadce74a9dfc6c41) Importer(815301076,1909f56bfc062723c751e8b465ee728b)  -> (artifact id: '9d318d90f329e14e646093053291a5fb') in 0.015136 seconds 
Number of asset objects unloaded after import = 3
========================================================================
Received Import Request.
  Time since last request: 0.000033 seconds.
  path: Assets/2D Pixel Art Platformer Biome - Plains/TilePlant10.asset
  artifactKey: Guid(4b89722ffef53004cb5eedfc1c6b0608) Importer(815301076,1909f56bfc062723c751e8b465ee728b)
Number of updated assets reloaded before import = 0
Start importing Assets/2D Pixel Art Platformer Biome - Plains/TilePlant10.asset using Guid(4b89722ffef53004cb5eedfc1c6b0608) Importer(815301076,1909f56bfc062723c751e8b465ee728b)  -> (artifact id: '933d3676a42c1bcdf862ac63005aad0d') in 0.017816 seconds 
Number of asset objects unloaded after import = 3
========================================================================
Received Import Request.
  Time since last request: 0.000024 seconds.
  path: Assets/2D Pixel Art Platformer Biome - Plains/Tree2.asset
  artifactKey: Guid(96ff00007be879640aed16f2d531013d) Importer(815301076,1909f56bfc062723c751e8b465ee728b)
Number of updated assets reloaded before import = 0
Start importing Assets/2D Pixel Art Platformer Biome - Plains/Tree2.asset using Guid(96ff00007be879640aed16f2d531013d) Importer(815301076,1909f56bfc062723c751e8b465ee728b)  -> (artifact id: '176a6a9ca2ba86b15876dc726a888bde') in 0.018640 seconds 
Number of asset objects unloaded after import = 3
========================================================================
Received Import Request.
  Time since last request: 0.000027 seconds.
  path: Assets/2D Pixel Art Platformer Biome - Plains/TilePlant20.asset
  artifactKey: Guid(f18ddd9366d7bfa49baff5dfc6cae6c4) Importer(815301076,1909f56bfc062723c751e8b465ee728b)
Number of updated assets reloaded before import = 0
Start importing Assets/2D Pixel Art Platformer Biome - Plains/TilePlant20.asset using Guid(f18ddd9366d7bfa49baff5dfc6cae6c4) Importer(815301076,1909f56bfc062723c751e8b465ee728b)  -> (artifact id: 'bfeedffdfe1fae5c1c2afab52704308d') in 0.017826 seconds 
Number of asset objects unloaded after import = 3
========================================================================
Received Import Request.
  Time since last request: 0.000031 seconds.
  path: Assets/2D Pixel Art Platformer Biome - Plains/Well.asset
  artifactKey: Guid(31522e8fd21b28946afd7317b34864be) Importer(815301076,1909f56bfc062723c751e8b465ee728b)
Number of updated assets reloaded before import = 0
Start importing Assets/2D Pixel Art Platformer Biome - Plains/Well.asset using Guid(31522e8fd21b28946afd7317b34864be) Importer(815301076,1909f56bfc062723c751e8b465ee728b)  -> (artifact id: '18fc15622705ef842aa6d6146d717714') in 0.017373 seconds 
Number of asset objects unloaded after import = 3
========================================================================
Received Import Request.
  Time since last request: 0.000025 seconds.
  path: Assets/2D Pixel Art Platformer Biome - Plains/TilePlant15.asset
  artifactKey: Guid(d8ab8033e0f88c14baed225c0d529af1) Importer(815301076,1909f56bfc062723c751e8b465ee728b)
Number of updated assets reloaded before import = 0
Start importing Assets/2D Pixel Art Platformer Biome - Plains/TilePlant15.asset using Guid(d8ab8033e0f88c14baed225c0d529af1) Importer(815301076,1909f56bfc062723c751e8b465ee728b)  -> (artifact id: 'ace5601b35c09397e1c4b8bfff3f13b2') in 0.017095 seconds 
Number of asset objects unloaded after import = 3
========================================================================
Received Import Request.
  Time since last request: 0.000025 seconds.
  path: Assets/2D Pixel Art Platformer Biome - Plains/TilePlant12.asset
  artifactKey: Guid(eb6f5b14ceb23b84ea9d79f62233df89) Importer(815301076,1909f56bfc062723c751e8b465ee728b)
Number of updated assets reloaded before import = 0
Start importing Assets/2D Pixel Art Platformer Biome - Plains/TilePlant12.asset using Guid(eb6f5b14ceb23b84ea9d79f62233df89) Importer(815301076,1909f56bfc062723c751e8b465ee728b)  -> (artifact id: '69b573c5dec25e57f42a53642cfcfd23') in 0.016689 seconds 
Number of asset objects unloaded after import = 3
